<?xml version="1.0" encoding="UTF-8"?>
<!-- Generated by org.testng.reporters.JUnitReportReporter -->
<testsuite skipped="0" hostname="Computer" name="com.crm.qa.testcases.LoginPageTest" tests="3" failures="0" timestamp="25 Jun 2018 23:45:56 GMT" time="21.707" errors="0">
  <testcase name="loginPageTitleTest" time="5.868" classname="com.crm.qa.testcases.LoginPageTest"/>
  <testcase name="crmLogoImageTest" time="7.237" classname="com.crm.qa.testcases.LoginPageTest"/>
  <testcase name="loginTest" time="8.602" classname="com.crm.qa.testcases.LoginPageTest"/>
</testsuite> <!-- com.crm.qa.testcases.LoginPageTest -->
