<?xml version="1.0" encoding="UTF-8"?>
<!-- Generated by org.testng.reporters.JUnitReportReporter -->
<testsuite skipped="0" hostname="Sergeys-MacBook-Pro.local" name="com.crm.qa.testcases.LoginPageTest" tests="3" failures="0" timestamp="11 Aug 2018 17:10:32 GMT" time="17.295" errors="0">
  <testcase name="loginPageTitleTest" time="3.197" classname="com.crm.qa.testcases.LoginPageTest"/>
  <testcase name="crmLogoImageTest" time="4.576" classname="com.crm.qa.testcases.LoginPageTest"/>
  <testcase name="loginTest" time="9.522" classname="com.crm.qa.testcases.LoginPageTest"/>
</testsuite> <!-- com.crm.qa.testcases.LoginPageTest -->
